
Showing logs for build [32mcb-kubecd-environment-pr-205-11-sp6pg-1[0m stage [32mfrom-build-pack[0m and container [32mstep-credential-initializer-n5hfm[0m
{"level":"info","ts":1587390315.5018535,"logger":"fallback-logger","caller":"logging/config.go:69","msg":"Fetch GitHub commit ID from kodata failed: open /var/run/ko/refs/heads/0.8.0-ns-support: no such file or directory"}
{"level":"info","ts":1587390315.50361,"logger":"fallback-logger","caller":"creds-init/main.go:40","msg":"Credentials initialized."}

Showing logs for build [32mcb-kubecd-environment-pr-205-11-sp6pg-1[0m stage [32mfrom-build-pack[0m and container [32mstep-working-dir-initializer-x45bz[0m
{"level":"info","ts":1587390316.5178971,"logger":"fallback-logger","caller":"logging/config.go:69","msg":"Fetch GitHub commit ID from kodata failed: open /var/run/ko/HEAD: no such file or directory"}
{"level":"info","ts":1587390316.5205276,"logger":"fallback-logger","caller":"bash/main.go:64","msg":"Successfully executed command \"sh -c mkdir -p /workspace/source\"; output "}

Showing logs for build [32mcb-kubecd-environment-pr-205-11-sp6pg-1[0m stage [32mfrom-build-pack[0m and container [32mstep-place-tools[0m

Showing logs for build [32mcb-kubecd-environment-pr-205-11-sp6pg-1[0m stage [32mfrom-build-pack[0m and container [32mstep-git-source-cb-kubecd-environment-pr-205-11-sp6pg-k5thf[0m
{"level":"info","ts":1587390320.6250181,"logger":"fallback-logger","caller":"logging/config.go:69","msg":"Fetch GitHub commit ID from kodata failed: open /var/run/ko/refs/heads/0.8.0-ns-support: no such file or directory"}
{"level":"info","ts":1587390321.6771076,"logger":"fallback-logger","caller":"git/git.go:103","msg":"Successfully cloned https://github.com/cb-kubecd/environment-pr-205-117-boot-gke-staging.git @ master in path /workspace/source"}

Showing logs for build [32mcb-kubecd-environment-pr-205-11-sp6pg-1[0m stage [32mfrom-build-pack[0m and container [32mstep-git-merge[0m
Using SHAs from PULL_REFS=master:b2de9e19144178194dc7c7ff85bc0052614ca03d,7:79814baae133ebcbc4d3f5f3a9db982eb30e2121
DEBUG: LC_ALL=C JX_LOG_LEVEL=error git fetch origin --unshallow 79814baae133ebcbc4d3f5f3a9db982eb30e2121: b2de9e19144178194dc7c7ff85bc0052614ca03d:
DEBUG: ran git fetch --unshallow origin 79814baae133ebcbc4d3f5f3a9db982eb30e2121: b2de9e19144178194dc7c7ff85bc0052614ca03d: in 
DEBUG: LC_ALL=C JX_LOG_LEVEL=error git branch
DEBUG: JX_LOG_LEVEL=error LC_ALL=C git checkout master
DEBUG: ran git checkout master in 
DEBUG: LC_ALL=C JX_LOG_LEVEL=error git reset --hard b2de9e19144178194dc7c7ff85bc0052614ca03d
DEBUG: ran git reset --hard b2de9e19144178194dc7c7ff85bc0052614ca03d in 
DEBUG: LC_ALL=C JX_LOG_LEVEL=error git clean -fd .
DEBUG: ran clean --force -d . in 
DEBUG: LC_ALL=C JX_LOG_LEVEL=error git merge 79814baae133ebcbc4d3f5f3a9db982eb30e2121
DEBUG: ran git merge 79814baae133ebcbc4d3f5f3a9db982eb30e2121 in 
DEBUG: LC_ALL=C JX_LOG_LEVEL=error git log --format=%H%x1f%an%x1f%ae%x1f%cn%x1f%ce%x1f%s%n%b%x1e b2de9e19144178194dc7c7ff85bc0052614ca03d..HEAD
Merged SHA 79814baae133ebcbc4d3f5f3a9db982eb30e2121 with commit message 'chore: Promote bdd-ghf**y-import-1587389074 to version 0.0.1' into base branch master

Showing logs for build [32mcb-kubecd-environment-pr-205-11-sp6pg-1[0m stage [32mfrom-build-pack[0m and container [32mstep-build-helm-build[0m
WARNING: No $CHART_REPOSITORY defined so using the default value of: http://jenkins-x-chartmuseum:8080
Adding missing Helm repo: storage.googleapis.com https://storage.googleapis.com/chartmuseum.jenkins-x.io
WARNING: No secrets found on "helm/repos" due: reading the secret "helm/repos" from vault: no secret "helm/repos" not found in vault
Read credentials for https://storage.googleapis.com/chartmuseum.jenkins-x.io from vault helm/repos
Successfully added Helm repository storage.googleapis.com.
Adding missing Helm repo: jenkins-x-chartmuseum http://jenkins-x-chartmuseum:8080
WARNING: No secrets found on "helm/repos" due: reading the secret "helm/repos" from vault: no secret "helm/repos" not found in vault
Read credentials for http://jenkins-x-chartmuseum:8080 from vault helm/repos
Successfully added Helm repository jenkins-x-chartmuseum.
WARNING: No $CHART_REPOSITORY defined so using the default value of: http://jenkins-x-chartmuseum:8080
Adding missing Helm repo: chartmuseum.jenkins-x.io http://chartmuseum.jenkins-x.io
WARNING: No secrets found on "helm/repos" due: reading the secret "helm/repos" from vault: no secret "helm/repos" not found in vault
Read credentials for http://chartmuseum.jenkins-x.io from vault helm/repos
Successfully added Helm repository chartmuseum.jenkins-x.io.
