
Showing logs for build [32mcb-kubecd-environment-pr-205-11-7dlsb-1[0m stage [32mfrom-build-pack[0m and container [32mstep-credential-initializer-dvjx8[0m
{"level":"info","ts":1587386067.1050951,"logger":"fallback-logger","caller":"logging/config.go:69","msg":"Fetch GitHub commit ID from kodata failed: open /var/run/ko/refs/heads/0.8.0-ns-support: no such file or directory"}
{"level":"info","ts":1587386067.1056495,"logger":"fallback-logger","caller":"creds-init/main.go:40","msg":"Credentials initialized."}

Showing logs for build [32mcb-kubecd-environment-pr-205-11-7dlsb-1[0m stage [32mfrom-build-pack[0m and container [32mstep-working-dir-initializer-8cbxm[0m
{"level":"info","ts":1587386068.1440678,"logger":"fallback-logger","caller":"logging/config.go:69","msg":"Fetch GitHub commit ID from kodata failed: open /var/run/ko/HEAD: no such file or directory"}
{"level":"info","ts":1587386068.1516201,"logger":"fallback-logger","caller":"bash/main.go:64","msg":"Successfully executed command \"sh -c mkdir -p /workspace/source\"; output "}

Showing logs for build [32mcb-kubecd-environment-pr-205-11-7dlsb-1[0m stage [32mfrom-build-pack[0m and container [32mstep-place-tools[0m

Showing logs for build [32mcb-kubecd-environment-pr-205-11-7dlsb-1[0m stage [32mfrom-build-pack[0m and container [32mstep-git-source-cb-kubecd-environment-pr-205-11-7dlsb-znqx8[0m
{"level":"info","ts":1587386072.2637322,"logger":"fallback-logger","caller":"logging/config.go:69","msg":"Fetch GitHub commit ID from kodata failed: open /var/run/ko/refs/heads/0.8.0-ns-support: no such file or directory"}
{"level":"info","ts":1587386073.2661817,"logger":"fallback-logger","caller":"git/git.go:103","msg":"Successfully cloned https://github.com/cb-kubecd/environment-pr-205-117-boot-gke-staging.git @ master in path /workspace/source"}

Showing logs for build [32mcb-kubecd-environment-pr-205-11-7dlsb-1[0m stage [32mfrom-build-pack[0m and container [32mstep-git-merge[0m
Using SHAs from PULL_REFS=master:8ae3381d1b8caba7e2e4c3310dae7e03b8f3423a,1:cf113d6df80c97cee832b38d033c4be5507126bb
DEBUG: LC_ALL=C JX_LOG_LEVEL=error git fetch origin --unshallow cf113d6df80c97cee832b38d033c4be5507126bb: 8ae3381d1b8caba7e2e4c3310dae7e03b8f3423a:
DEBUG: ran git fetch --unshallow origin cf113d6df80c97cee832b38d033c4be5507126bb: 8ae3381d1b8caba7e2e4c3310dae7e03b8f3423a: in 
DEBUG: LC_ALL=C JX_LOG_LEVEL=error git branch
DEBUG: LC_ALL=C JX_LOG_LEVEL=error git checkout master
DEBUG: ran git checkout master in 
DEBUG: LC_ALL=C JX_LOG_LEVEL=error git reset --hard 8ae3381d1b8caba7e2e4c3310dae7e03b8f3423a
DEBUG: ran git reset --hard 8ae3381d1b8caba7e2e4c3310dae7e03b8f3423a in 
DEBUG: LC_ALL=C JX_LOG_LEVEL=error git clean -fd .
DEBUG: ran clean --force -d . in 
DEBUG: LC_ALL=C JX_LOG_LEVEL=error git merge cf113d6df80c97cee832b38d033c4be5507126bb
DEBUG: ran git merge cf113d6df80c97cee832b38d033c4be5507126bb in 
DEBUG: JX_LOG_LEVEL=error LC_ALL=C git log --format=%H%x1f%an%x1f%ae%x1f%cn%x1f%ce%x1f%s%n%b%x1e 8ae3381d1b8caba7e2e4c3310dae7e03b8f3423a..HEAD
Merged SHA cf113d6df80c97cee832b38d033c4be5507126bb with commit message 'chore: Promote bdd-spring-1587385716 to version 0.0.1' into base branch master

Showing logs for build [32mcb-kubecd-environment-pr-205-11-7dlsb-1[0m stage [32mfrom-build-pack[0m and container [32mstep-build-helm-build[0m
WARNING: No $CHART_REPOSITORY defined so using the default value of: http://jenkins-x-chartmuseum:8080
Adding missing Helm repo: storage.googleapis.com https://storage.googleapis.com/chartmuseum.jenkins-x.io
WARNING: No secrets found on "helm/repos" due: reading the secret "helm/repos" from vault: no secret "helm/repos" not found in vault
Read credentials for https://storage.googleapis.com/chartmuseum.jenkins-x.io from vault helm/repos
Successfully added Helm repository storage.googleapis.com.
Adding missing Helm repo: jenkins-x-chartmuseum http://jenkins-x-chartmuseum:8080
WARNING: No secrets found on "helm/repos" due: reading the secret "helm/repos" from vault: no secret "helm/repos" not found in vault
Read credentials for http://jenkins-x-chartmuseum:8080 from vault helm/repos
Successfully added Helm repository jenkins-x-chartmuseum.
WARNING: No $CHART_REPOSITORY defined so using the default value of: http://jenkins-x-chartmuseum:8080
Adding missing Helm repo: chartmuseum.jenkins-x.io http://chartmuseum.jenkins-x.io
WARNING: No secrets found on "helm/repos" due: reading the secret "helm/repos" from vault: no secret "helm/repos" not found in vault
Read credentials for http://chartmuseum.jenkins-x.io from vault helm/repos
Successfully added Helm repository chartmuseum.jenkins-x.io.
