
Showing logs for build [32mcb-kubecd-environment-pr-205-11-j7z4v-1[0m stage [32mfrom-build-pack[0m and container [32mstep-credential-initializer-htvtn[0m
{"level":"info","ts":1587389865.6320999,"logger":"fallback-logger","caller":"logging/config.go:69","msg":"Fetch GitHub commit ID from kodata failed: open /var/run/ko/refs/heads/0.8.0-ns-support: no such file or directory"}
{"level":"info","ts":1587389865.6327603,"logger":"fallback-logger","caller":"creds-init/main.go:40","msg":"Credentials initialized."}

Showing logs for build [32mcb-kubecd-environment-pr-205-11-j7z4v-1[0m stage [32mfrom-build-pack[0m and container [32mstep-working-dir-initializer-88bpm[0m
{"level":"info","ts":1587389867.0347066,"logger":"fallback-logger","caller":"logging/config.go:69","msg":"Fetch GitHub commit ID from kodata failed: open /var/run/ko/HEAD: no such file or directory"}
{"level":"info","ts":1587389867.042323,"logger":"fallback-logger","caller":"bash/main.go:64","msg":"Successfully executed command \"sh -c mkdir -p /workspace/source\"; output "}

Showing logs for build [32mcb-kubecd-environment-pr-205-11-j7z4v-1[0m stage [32mfrom-build-pack[0m and container [32mstep-place-tools[0m

Showing logs for build [32mcb-kubecd-environment-pr-205-11-j7z4v-1[0m stage [32mfrom-build-pack[0m and container [32mstep-git-source-cb-kubecd-environment-pr-205-11-j7z4v-f2qmt[0m
{"level":"info","ts":1587389872.1777353,"logger":"fallback-logger","caller":"logging/config.go:69","msg":"Fetch GitHub commit ID from kodata failed: open /var/run/ko/refs/heads/0.8.0-ns-support: no such file or directory"}
{"level":"info","ts":1587389873.2550204,"logger":"fallback-logger","caller":"git/git.go:103","msg":"Successfully cloned https://github.com/cb-kubecd/environment-pr-205-117-boot-gke-staging.git @ master in path /workspace/source"}

Showing logs for build [32mcb-kubecd-environment-pr-205-11-j7z4v-1[0m stage [32mfrom-build-pack[0m and container [32mstep-git-merge[0m
Using SHAs from PULL_REFS=master:6355f08ca8774376f192cc3edc3e0949ec17dc75,6:2796cf8f6f2f60006c0f60c1a6d08f97b4db01af
DEBUG: JX_LOG_LEVEL=error LC_ALL=C git fetch origin --unshallow 2796cf8f6f2f60006c0f60c1a6d08f97b4db01af: 6355f08ca8774376f192cc3edc3e0949ec17dc75:
DEBUG: ran git fetch --unshallow origin 2796cf8f6f2f60006c0f60c1a6d08f97b4db01af: 6355f08ca8774376f192cc3edc3e0949ec17dc75: in 
DEBUG: LC_ALL=C JX_LOG_LEVEL=error git branch
DEBUG: LC_ALL=C JX_LOG_LEVEL=error git checkout master
DEBUG: ran git checkout master in 
DEBUG: LC_ALL=C JX_LOG_LEVEL=error git reset --hard 6355f08ca8774376f192cc3edc3e0949ec17dc75
DEBUG: ran git reset --hard 6355f08ca8774376f192cc3edc3e0949ec17dc75 in 
DEBUG: LC_ALL=C JX_LOG_LEVEL=error git clean -fd .
DEBUG: ran clean --force -d . in 
DEBUG: LC_ALL=C JX_LOG_LEVEL=error git merge 2796cf8f6f2f60006c0f60c1a6d08f97b4db01af
DEBUG: ran git merge 2796cf8f6f2f60006c0f60c1a6d08f97b4db01af in 
DEBUG: LC_ALL=C JX_LOG_LEVEL=error git log --format=%H%x1f%an%x1f%ae%x1f%cn%x1f%ce%x1f%s%n%b%x1e 6355f08ca8774376f192cc3edc3e0949ec17dc75..HEAD
Merged SHA 2796cf8f6f2f60006c0f60c1a6d08f97b4db01af with commit message 'chore: Promote bdd-sbrp-import-1587389074 to version 0.0.1' into base branch master

Showing logs for build [32mcb-kubecd-environment-pr-205-11-j7z4v-1[0m stage [32mfrom-build-pack[0m and container [32mstep-build-helm-build[0m
WARNING: No $CHART_REPOSITORY defined so using the default value of: http://jenkins-x-chartmuseum:8080
Adding missing Helm repo: storage.googleapis.com https://storage.googleapis.com/chartmuseum.jenkins-x.io
WARNING: No secrets found on "helm/repos" due: reading the secret "helm/repos" from vault: no secret "helm/repos" not found in vault
Read credentials for https://storage.googleapis.com/chartmuseum.jenkins-x.io from vault helm/repos
Successfully added Helm repository storage.googleapis.com.
Adding missing Helm repo: jenkins-x-chartmuseum http://jenkins-x-chartmuseum:8080
WARNING: No secrets found on "helm/repos" due: reading the secret "helm/repos" from vault: no secret "helm/repos" not found in vault
Read credentials for http://jenkins-x-chartmuseum:8080 from vault helm/repos
Successfully added Helm repository jenkins-x-chartmuseum.
WARNING: No $CHART_REPOSITORY defined so using the default value of: http://jenkins-x-chartmuseum:8080
Adding missing Helm repo: chartmuseum.jenkins-x.io http://chartmuseum.jenkins-x.io
WARNING: No secrets found on "helm/repos" due: reading the secret "helm/repos" from vault: no secret "helm/repos" not found in vault
Read credentials for http://chartmuseum.jenkins-x.io from vault helm/repos
Successfully added Helm repository chartmuseum.jenkins-x.io.
