
Showing logs for build [32mcb-kubecd-environment-pr-205-11-wznqn-1[0m stage [32mfrom-build-pack[0m and container [32mstep-credential-initializer-v6d2d[0m
{"level":"info","ts":1587387231.929915,"logger":"fallback-logger","caller":"logging/config.go:69","msg":"Fetch GitHub commit ID from kodata failed: open /var/run/ko/refs/heads/0.8.0-ns-support: no such file or directory"}
{"level":"info","ts":1587387231.9312088,"logger":"fallback-logger","caller":"creds-init/main.go:40","msg":"Credentials initialized."}

Showing logs for build [32mcb-kubecd-environment-pr-205-11-wznqn-1[0m stage [32mfrom-build-pack[0m and container [32mstep-working-dir-initializer-lspkm[0m
{"level":"info","ts":1587387232.790002,"logger":"fallback-logger","caller":"logging/config.go:69","msg":"Fetch GitHub commit ID from kodata failed: open /var/run/ko/HEAD: no such file or directory"}
{"level":"info","ts":1587387232.7974274,"logger":"fallback-logger","caller":"bash/main.go:64","msg":"Successfully executed command \"sh -c mkdir -p /workspace/source\"; output "}

Showing logs for build [32mcb-kubecd-environment-pr-205-11-wznqn-1[0m stage [32mfrom-build-pack[0m and container [32mstep-place-tools[0m

Showing logs for build [32mcb-kubecd-environment-pr-205-11-wznqn-1[0m stage [32mfrom-build-pack[0m and container [32mstep-git-source-cb-kubecd-environment-pr-205-11-wznqn-cv8vp[0m
{"level":"info","ts":1587387237.9417145,"logger":"fallback-logger","caller":"logging/config.go:69","msg":"Fetch GitHub commit ID from kodata failed: open /var/run/ko/refs/heads/0.8.0-ns-support: no such file or directory"}
{"level":"info","ts":1587387239.0049212,"logger":"fallback-logger","caller":"git/git.go:103","msg":"Successfully cloned https://github.com/cb-kubecd/environment-pr-205-117-boot-gke-staging.git @ master in path /workspace/source"}

Showing logs for build [32mcb-kubecd-environment-pr-205-11-wznqn-1[0m stage [32mfrom-build-pack[0m and container [32mstep-git-merge[0m
Using SHAs from PULL_REFS=master:80e86de0cae0b407445e9d09d0652532b9c7df91,2:48d00d0a6fa8bd4387541ef5506791ca99b985af
DEBUG: LC_ALL=C JX_LOG_LEVEL=error git fetch origin --unshallow 48d00d0a6fa8bd4387541ef5506791ca99b985af: 80e86de0cae0b407445e9d09d0652532b9c7df91:
DEBUG: ran git fetch --unshallow origin 48d00d0a6fa8bd4387541ef5506791ca99b985af: 80e86de0cae0b407445e9d09d0652532b9c7df91: in 
DEBUG: LC_ALL=C JX_LOG_LEVEL=error git branch
DEBUG: LC_ALL=C JX_LOG_LEVEL=error git checkout master
DEBUG: ran git checkout master in 
DEBUG: LC_ALL=C JX_LOG_LEVEL=error git reset --hard 80e86de0cae0b407445e9d09d0652532b9c7df91
DEBUG: ran git reset --hard 80e86de0cae0b407445e9d09d0652532b9c7df91 in 
DEBUG: LC_ALL=C JX_LOG_LEVEL=error git clean -fd .
DEBUG: ran clean --force -d . in 
DEBUG: LC_ALL=C JX_LOG_LEVEL=error git merge 48d00d0a6fa8bd4387541ef5506791ca99b985af
DEBUG: ran git merge 48d00d0a6fa8bd4387541ef5506791ca99b985af in 
DEBUG: LC_ALL=C JX_LOG_LEVEL=error git log --format=%H%x1f%an%x1f%ae%x1f%cn%x1f%ce%x1f%s%n%b%x1e 80e86de0cae0b407445e9d09d0652532b9c7df91..HEAD
Merged SHA 48d00d0a6fa8bd4387541ef5506791ca99b985af with commit message 'chore: Promote bdd-sbhg-1587386835 to version 0.0.1' into base branch master

Showing logs for build [32mcb-kubecd-environment-pr-205-11-wznqn-1[0m stage [32mfrom-build-pack[0m and container [32mstep-build-helm-build[0m
WARNING: No $CHART_REPOSITORY defined so using the default value of: http://jenkins-x-chartmuseum:8080
Adding missing Helm repo: storage.googleapis.com https://storage.googleapis.com/chartmuseum.jenkins-x.io
WARNING: No secrets found on "helm/repos" due: reading the secret "helm/repos" from vault: no secret "helm/repos" not found in vault
Read credentials for https://storage.googleapis.com/chartmuseum.jenkins-x.io from vault helm/repos
Successfully added Helm repository storage.googleapis.com.
Adding missing Helm repo: jenkins-x-chartmuseum http://jenkins-x-chartmuseum:8080
WARNING: No secrets found on "helm/repos" due: reading the secret "helm/repos" from vault: no secret "helm/repos" not found in vault
Read credentials for http://jenkins-x-chartmuseum:8080 from vault helm/repos
Successfully added Helm repository jenkins-x-chartmuseum.
WARNING: No $CHART_REPOSITORY defined so using the default value of: http://jenkins-x-chartmuseum:8080
Adding missing Helm repo: chartmuseum.jenkins-x.io http://chartmuseum.jenkins-x.io
WARNING: No secrets found on "helm/repos" due: reading the secret "helm/repos" from vault: no secret "helm/repos" not found in vault
Read credentials for http://chartmuseum.jenkins-x.io from vault helm/repos
Successfully added Helm repository chartmuseum.jenkins-x.io.
