
Showing logs for build [32mcb-kubecd-environment-pr-205-11-kt9cd-1[0m stage [32mfrom-build-pack[0m and container [32mstep-credential-initializer-mc2ws[0m
{"level":"info","ts":1587388598.6805115,"logger":"fallback-logger","caller":"logging/config.go:69","msg":"Fetch GitHub commit ID from kodata failed: open /var/run/ko/refs/heads/0.8.0-ns-support: no such file or directory"}
{"level":"info","ts":1587388598.6815116,"logger":"fallback-logger","caller":"creds-init/main.go:40","msg":"Credentials initialized."}

Showing logs for build [32mcb-kubecd-environment-pr-205-11-kt9cd-1[0m stage [32mfrom-build-pack[0m and container [32mstep-working-dir-initializer-8k2w8[0m
{"level":"info","ts":1587388599.6998458,"logger":"fallback-logger","caller":"logging/config.go:69","msg":"Fetch GitHub commit ID from kodata failed: open /var/run/ko/HEAD: no such file or directory"}
{"level":"info","ts":1587388599.7048657,"logger":"fallback-logger","caller":"bash/main.go:64","msg":"Successfully executed command \"sh -c mkdir -p /workspace/source\"; output "}

Showing logs for build [32mcb-kubecd-environment-pr-205-11-kt9cd-1[0m stage [32mfrom-build-pack[0m and container [32mstep-place-tools[0m

Showing logs for build [32mcb-kubecd-environment-pr-205-11-kt9cd-1[0m stage [32mfrom-build-pack[0m and container [32mstep-git-source-cb-kubecd-environment-pr-205-11-kt9cd-sjblw[0m
{"level":"info","ts":1587388604.810779,"logger":"fallback-logger","caller":"logging/config.go:69","msg":"Fetch GitHub commit ID from kodata failed: open /var/run/ko/refs/heads/0.8.0-ns-support: no such file or directory"}
{"level":"info","ts":1587388605.8168437,"logger":"fallback-logger","caller":"git/git.go:103","msg":"Successfully cloned https://github.com/cb-kubecd/environment-pr-205-117-boot-gke-staging.git @ master in path /workspace/source"}

Showing logs for build [32mcb-kubecd-environment-pr-205-11-kt9cd-1[0m stage [32mfrom-build-pack[0m and container [32mstep-git-merge[0m
Using SHAs from PULL_REFS=master:72f0ca3b3ce64d3796a2300e250e3dbff2b20573,4:8bb67bc941555b74985678e4dc9dacc769119041
DEBUG: JX_LOG_LEVEL=error LC_ALL=C git fetch origin --unshallow 8bb67bc941555b74985678e4dc9dacc769119041: 72f0ca3b3ce64d3796a2300e250e3dbff2b20573:
DEBUG: ran git fetch --unshallow origin 8bb67bc941555b74985678e4dc9dacc769119041: 72f0ca3b3ce64d3796a2300e250e3dbff2b20573: in 
DEBUG: LC_ALL=C JX_LOG_LEVEL=error git branch
DEBUG: LC_ALL=C JX_LOG_LEVEL=error git checkout master
DEBUG: ran git checkout master in 
DEBUG: LC_ALL=C JX_LOG_LEVEL=error git reset --hard 72f0ca3b3ce64d3796a2300e250e3dbff2b20573
DEBUG: ran git reset --hard 72f0ca3b3ce64d3796a2300e250e3dbff2b20573 in 
DEBUG: LC_ALL=C JX_LOG_LEVEL=error git clean -fd .
DEBUG: ran clean --force -d . in 
DEBUG: LC_ALL=C JX_LOG_LEVEL=error git merge 8bb67bc941555b74985678e4dc9dacc769119041
DEBUG: ran git merge 8bb67bc941555b74985678e4dc9dacc769119041 in 
DEBUG: JX_LOG_LEVEL=error LC_ALL=C git log --format=%H%x1f%an%x1f%ae%x1f%cn%x1f%ce%x1f%s%n%b%x1e 72f0ca3b3ce64d3796a2300e250e3dbff2b20573..HEAD
Merged SHA 8bb67bc941555b74985678e4dc9dacc769119041 with commit message 'chore: Promote bdd-nh-1587386835 to version 0.0.1' into base branch master

Showing logs for build [32mcb-kubecd-environment-pr-205-11-kt9cd-1[0m stage [32mfrom-build-pack[0m and container [32mstep-build-helm-build[0m
WARNING: No $CHART_REPOSITORY defined so using the default value of: http://jenkins-x-chartmuseum:8080
Adding missing Helm repo: storage.googleapis.com https://storage.googleapis.com/chartmuseum.jenkins-x.io
WARNING: No secrets found on "helm/repos" due: reading the secret "helm/repos" from vault: no secret "helm/repos" not found in vault
Read credentials for https://storage.googleapis.com/chartmuseum.jenkins-x.io from vault helm/repos
Successfully added Helm repository storage.googleapis.com.
Adding missing Helm repo: jenkins-x-chartmuseum http://jenkins-x-chartmuseum:8080
WARNING: No secrets found on "helm/repos" due: reading the secret "helm/repos" from vault: no secret "helm/repos" not found in vault
Read credentials for http://jenkins-x-chartmuseum:8080 from vault helm/repos
Successfully added Helm repository jenkins-x-chartmuseum.
WARNING: No $CHART_REPOSITORY defined so using the default value of: http://jenkins-x-chartmuseum:8080
Adding missing Helm repo: chartmuseum.jenkins-x.io http://chartmuseum.jenkins-x.io
WARNING: No secrets found on "helm/repos" due: reading the secret "helm/repos" from vault: no secret "helm/repos" not found in vault
Read credentials for http://chartmuseum.jenkins-x.io from vault helm/repos
Successfully added Helm repository chartmuseum.jenkins-x.io.
